<?xml version="1.0" encoding="UTF-8"?>
<!-- Generated by org.testng.reporters.JUnitReportReporter -->
<testsuite hostname="IN-MP22FH4Q" failures="0" tests="1" name="Test.BoardTest" time="2.048" errors="0" timestamp="2024-06-10T19:53:00 IST" skipped="0">
  <testcase classname="Test.BoardTest" name="testCreateBoard" time="2.048"/>
</testsuite> <!-- Test.BoardTest -->
