<?xml version="1.0" encoding="UTF-8"?>
<!-- Generated by org.testng.reporters.JUnitReportReporter -->
<testsuite hostname="IN-MP22FH4Q" failures="0" tests="7" name="Test.LabelTest" time="5.790" errors="0" timestamp="2024-06-06T23:39:08 IST" skipped="0">
  <testcase classname="Test.LabelTest" name="testCreateLabel" time="0.387"/>
  <testcase classname="Test.LabelTest" name="testReadLabel" time="0.920"/>
  <testcase classname="Test.LabelTest" name="VerifyLabelName" time="0.926"/>
  <testcase classname="Test.LabelTest" name="VerifyColorName" time="0.911"/>
  <testcase classname="Test.LabelTest" name="testUpdateLabel" time="1.013"/>
  <testcase classname="Test.LabelTest" name="testUpdateLabelName" time="0.818"/>
  <testcase classname="Test.LabelTest" name="testUpdateLabelColor" time="0.815"/>
</testsuite> <!-- Test.LabelTest -->
