<?xml version="1.0" encoding="UTF-8"?>
<!-- Generated by org.testng.reporters.JUnitReportReporter -->
<testsuite hostname="IN-MP22FH4Q" failures="0" tests="1" name="Utilities.XmlReader" time="0.088" errors="0" timestamp="2024-06-06T17:09:52 IST" skipped="0">
  <testcase classname="Utilities.XmlReader" name="ReadfromXml" time="0.088"/>
</testsuite> <!-- Utilities.XmlReader -->
