<?xml version="1.0" encoding="UTF-8"?>
<!-- Generated by org.testng.reporters.JUnitReportReporter -->
<testsuite hostname="IN-MP22FH4Q" failures="0" tests="1" name="Utilities.BasicUtilities" time="0.009" errors="0" timestamp="2024-06-10T21:27:35 IST" skipped="0">
  <testcase classname="Utilities.BasicUtilities" name="DecodeString" time="0.009"/>
</testsuite> <!-- Utilities.BasicUtilities -->
